{
  "RSpec": {
    "coverage": {
      "/Volumes/Media/cwadding/Repositories/sensit/src/api/reports/app/models/sensit/topic/report.rb": [
        1,
        1,
        1,
        1,
        null,
        1,
        null,
        1,
        1,
        null,
        1,
        null,
        null,
        1,
        1,
        null,
        1,
        null,
        1,
        18,
        null,
        null,
        1,
        29,
        null,
        null,
        1,
        3,
        3,
        2,
        2,
        null,
        null,
        3,
        null,
        null,
        1,
        48,
        null,
        null,
        1,
        null,
        1,
        24,
        null,
        null,
        1,
        24,
        null,
        null,
        1,
        24,
        null,
        null,
        1,
        85,
        null,
        null,
        1,
        24,
        null,
        null,
        1,
        27,
        null,
        null,
        null,
        null,
        null
      ],
      "/Volumes/Media/cwadding/Repositories/sensit/src/api/reports/app/models/sensit/topic/report/facet.rb": [
        1,
        1,
        1,
        1,
        null,
        1,
        1,
        null,
        1,
        null,
        1,
        1,
        1,
        null,
        1,
        0,
        null,
        null,
        1,
        0,
        null,
        null,
        1,
        0,
        null,
        null,
        null,
        1,
        0,
        null,
        null,
        1,
        1,
        0,
        null,
        null,
        null
      ],
      "/Volumes/Media/cwadding/Repositories/sensit/src/api/reports/app/models/sensit/topic/report/aggregation.rb": [
        1,
        1,
        null,
        null,
        1,
        1,
        null,
        1,
        1,
        null,
        1,
        null,
        1,
        null,
        1,
        1,
        62,
        null,
        1,
        0,
        0,
        0,
        0,
        0,
        null,
        null,
        null,
        1,
        7,
        null,
        null,
        1,
        21,
        0,
        null,
        21,
        null,
        null,
        null,
        1,
        1,
        7,
        null,
        null,
        1,
        0,
        0,
        0,
        44,
        null,
        null,
        null,
        null
      ],
      "/Volumes/Media/cwadding/Repositories/sensit/src/api/reports/app/controllers/sensit/reports_controller.rb": [
        1,
        null,
        1,
        1,
        1,
        1,
        null,
        1,
        null,
        null,
        null,
        1,
        8,
        8,
        8,
        8,
        null,
        null,
        null,
        null,
        null,
        1,
        8,
        4,
        null,
        4,
        4,
        4,
        null,
        null,
        null,
        null,
        1,
        10,
        2,
        null,
        8,
        8,
        8,
        8,
        null,
        8,
        6,
        null,
        2,
        null,
        null,
        null,
        null,
        null,
        1,
        10,
        2,
        null,
        8,
        null,
        8,
        3,
        3,
        null,
        null,
        8,
        5,
        null,
        3,
        null,
        null,
        null,
        null,
        null,
        1,
        8,
        3,
        null,
        5,
        5,
        5,
        null,
        null,
        null,
        1,
        null,
        null,
        1,
        null,
        16,
        16,
        null,
        null,
        null,
        null,
        1,
        null,
        39,
        39,
        39,
        39,
        39,
        39,
        39,
        null,
        null,
        null,
        null,
        null,
        null,
        null,
        null
      ]
    },
    "timestamp": 1432603747
  }
}
