{
  "RSpec": {
    "coverage": {
      "/Volumes/Media/cwadding/Repositories/sensit/src/api/percolator/app/controllers/sensit/percolators_controller.rb": [
        1,
        null,
        1,
        1,
        1,
        1,
        null,
        1,
        null,
        1,
        6,
        2,
        null,
        4,
        4,
        null,
        null,
        null,
        null,
        1,
        8,
        4,
        null,
        4,
        4,
        null,
        null,
        null,
        null,
        1,
        10,
        2,
        null,
        8,
        8,
        6,
        null,
        2,
        null,
        null,
        null,
        null,
        null,
        1,
        10,
        2,
        null,
        8,
        8,
        6,
        null,
        2,
        null,
        null,
        null,
        null,
        null,
        1,
        8,
        3,
        null,
        5,
        5,
        null,
        null,
        null,
        1,
        null,
        1,
        42,
        null,
        null,
        null,
        null,
        1,
        44,
        44,
        null,
        null,
        null,
        null,
        null,
        null,
        null,
        null,
        null,
        null,
        null,
        null,
        null,
        null,
        null,
        null,
        null,
        null,
        null,
        null,
        null,
        null,
        null,
        null,
        null,
        null,
        null,
        null,
        null,
        null,
        null,
        null,
        null,
        null,
        null,
        null,
        null,
        null,
        null,
        null,
        null
      ],
      "/Volumes/Media/cwadding/Repositories/sensit/src/api/percolator/app/models/sensit/topic/percolator.rb": [
        1,
        1,
        1,
        null,
        null,
        null,
        null,
        1,
        1,
        null,
        1,
        null,
        1,
        1,
        null,
        1,
        80,
        80,
        80,
        null,
        null,
        null,
        null,
        1,
        1,
        1,
        1,
        null,
        1,
        8,
        null,
        8,
        6,
        null,
        null,
        1,
        6,
        null,
        6,
        13,
        null,
        null,
        1,
        8,
        8,
        8,
        null,
        null,
        1,
        31,
        31,
        31,
        null,
        null,
        1,
        3,
        3,
        3,
        3,
        null,
        null,
        1,
        7,
        7,
        7,
        null,
        null,
        1,
        2,
        2,
        null,
        null,
        null,
        1,
        23,
        23,
        null,
        null,
        1,
        36,
        null,
        null,
        1,
        15,
        null,
        null,
        1,
        8,
        8,
        null,
        null,
        null,
        1,
        8,
        7,
        7,
        null,
        null,
        null,
        null,
        null,
        null,
        null,
        null,
        null,
        null,
        null,
        null,
        null,
        1,
        null,
        1,
        11,
        11,
        11,
        11,
        null,
        null,
        1,
        57,
        null,
        null,
        1,
        47,
        null,
        null,
        1,
        38,
        null,
        null,
        1,
        5,
        null,
        null,
        null,
        1,
        5,
        5,
        5,
        null,
        null,
        null,
        1,
        38,
        38,
        38,
        38,
        38,
        null,
        38,
        null,
        null,
        null,
        1,
        74,
        null,
        null,
        1,
        50,
        null,
        null,
        1,
        50,
        null,
        1,
        74,
        null,
        null,
        1,
        24,
        24,
        24,
        24,
        24,
        null,
        null,
        1,
        8,
        8,
        8,
        8,
        null,
        null,
        null,
        null,
        null,
        null,
        null,
        null,
        null,
        null,
        null,
        null,
        null,
        null,
        null,
        null,
        null,
        null,
        null,
        null,
        null,
        null,
        null,
        null,
        null,
        null,
        null,
        null,
        null,
        null,
        null,
        null,
        null,
        null,
        null,
        null,
        null
      ]
    },
    "timestamp": 1432603673
  }
}
