{
  "RSpec": {
    "coverage": {
      "/Volumes/Media/cwadding/Repositories/sensit/src/api/publications/app/models/sensit/topic/publication.rb": [
        null,
        null,
        1,
        1,
        1,
        null,
        1,
        null,
        1,
        1,
        null,
        1,
        1,
        1,
        1,
        null,
        95,
        3,
        null,
        1,
        6,
        null,
        null,
        1,
        5,
        null,
        null,
        null,
        1,
        2,
        2,
        null,
        1,
        null,
        1,
        null,
        2,
        null,
        null,
        1,
        1,
        1,
        1,
        1,
        1,
        1,
        null,
        null,
        1,
        2,
        1,
        null,
        1,
        null,
        null,
        null,
        1,
        null,
        null,
        4,
        null,
        1,
        null,
        1,
        6,
        null,
        null,
        null
      ],
      "/Volumes/Media/cwadding/Repositories/sensit/src/api/publications/app/controllers/sensit/publications_controller.rb": [
        1,
        null,
        1,
        1,
        1,
        1,
        null,
        1,
        null,
        null,
        null,
        1,
        9,
        9,
        9,
        9,
        null,
        null,
        null,
        null,
        null,
        1,
        8,
        4,
        null,
        4,
        4,
        null,
        null,
        null,
        null,
        1,
        10,
        2,
        null,
        8,
        8,
        8,
        6,
        null,
        2,
        null,
        null,
        null,
        null,
        null,
        1,
        10,
        2,
        null,
        8,
        8,
        5,
        null,
        3,
        null,
        null,
        null,
        null,
        null,
        1,
        8,
        3,
        null,
        5,
        5,
        5,
        null,
        null,
        null,
        1,
        null,
        null,
        1,
        18,
        1,
        null,
        17,
        null,
        null,
        null,
        null,
        null,
        null,
        null
      ],
      "/Volumes/Media/cwadding/Repositories/sensit/src/api/publications/app/models/sensit/percolation.rb": [
        1,
        1,
        1,
        1,
        null,
        null
      ],
      "/Volumes/Media/cwadding/Repositories/sensit/src/api/publications/app/models/sensit/rule.rb": [
        1,
        1,
        1,
        1,
        null,
        1,
        null,
        null,
        null
      ]
    },
    "timestamp": 1432603714
  }
}
