{
  "RSpec": {
    "coverage": {
      "/Volumes/Media/cwadding/Repositories/sensit/src/api/subscriptions/app/models/sensit/subscription.rb": [
        1,
        1,
        1,
        1,
        null,
        1,
        1,
        1,
        null,
        null,
        1,
        1,
        1,
        1,
        null,
        1,
        7,
        7,
        7,
        7,
        7,
        7,
        null,
        null,
        1,
        2,
        1,
        null,
        1,
        null,
        null,
        null,
        1,
        0,
        0,
        null,
        0,
        null,
        null,
        null,
        1,
        0,
        null,
        null,
        null,
        1,
        null,
        null,
        null,
        null,
        null,
        null,
        null,
        null,
        null,
        null,
        1,
        0,
        null,
        null,
        null,
        null,
        null
      ],
      "/Volumes/Media/cwadding/Repositories/sensit/src/api/subscriptions/app/controllers/sensit/subscriptions_controller.rb": [
        1,
        null,
        1,
        1,
        1,
        1,
        null,
        1,
        null,
        null,
        1,
        7,
        7,
        null,
        null,
        null,
        1,
        8,
        4,
        null,
        null,
        null,
        1,
        9,
        0,
        null,
        9,
        9,
        6,
        null,
        3,
        null,
        null,
        null,
        null,
        null,
        1,
        10,
        8,
        null,
        5,
        null,
        3,
        null,
        null,
        null,
        null,
        1,
        8,
        null,
        5,
        5,
        null,
        null,
        1,
        null,
        null,
        1,
        17,
        17,
        7,
        null,
        10,
        null,
        17,
        17,
        17,
        17,
        null,
        null,
        null
      ]
    },
    "timestamp": 1432603779
  }
}
