{
  "RSpec": {
    "coverage": {
      "/Volumes/Media/cwadding/Repositories/sensit/src/api/messenger/lib/sensit_messenger.rb": [
        null,
        1,
        null,
        1,
        1,
        null,
        null,
        null,
        null,
        1,
        1,
        1,
        1,
        1,
        1
      ],
      "/Volumes/Media/cwadding/Repositories/sensit/src/api/messenger/lib/sensit/messenger/common.rb": [
        null,
        1,
        1,
        null,
        1,
        1,
        9,
        null,
        null,
        1,
        4,
        4,
        4,
        null,
        null,
        null,
        null,
        null,
        null
      ],
      "/Volumes/Media/cwadding/Repositories/sensit/src/api/messenger/lib/sensit/messenger/base.rb": [
        1,
        null,
        1,
        1,
        null,
        1,
        1,
        null,
        1,
        1,
        10,
        null,
        36,
        10,
        10,
        null,
        null,
        1,
        1,
        1,
        1,
        1,
        1,
        1,
        1,
        null,
        null,
        1,
        2,
        2,
        null,
        0,
        null,
        null,
        null,
        null,
        null
      ],
      "/Volumes/Media/cwadding/Repositories/sensit/src/api/messenger/lib/sensit/messenger/http.rb": [
        1,
        null,
        1,
        1,
        1,
        null,
        1,
        1,
        1,
        1,
        1,
        null,
        1,
        1,
        null,
        null,
        1,
        null,
        null,
        null,
        0,
        null,
        null,
        null,
        1,
        null,
        null
      ],
      "/Volumes/Media/cwadding/Repositories/sensit/src/api/messenger/lib/sensit/messenger/mqtt.rb": [
        1,
        null,
        1,
        1,
        1,
        1,
        null,
        null,
        null,
        null,
        null,
        1,
        null,
        null,
        1,
        1,
        1,
        1,
        1,
        1,
        0,
        null,
        null,
        null,
        null,
        null,
        1,
        1,
        1,
        null,
        null,
        null,
        null,
        1,
        null,
        null
      ],
      "/Volumes/Media/cwadding/Repositories/sensit/src/api/messenger/lib/sensit/messenger/tcp.rb": [
        1,
        null,
        1,
        1,
        1,
        null,
        1,
        0,
        0,
        0,
        0,
        0,
        0,
        null,
        0,
        null,
        null,
        null,
        null,
        null,
        1,
        0,
        0,
        0,
        null,
        null,
        1,
        null,
        null
      ],
      "/Volumes/Media/cwadding/Repositories/sensit/src/api/messenger/lib/sensit/messenger/udp.rb": [
        1,
        null,
        1,
        1,
        1,
        null,
        1,
        0,
        0,
        0,
        null,
        null,
        1,
        0,
        0,
        0,
        null,
        null,
        1,
        null,
        null
      ],
      "/Volumes/Media/cwadding/Repositories/sensit/src/api/messenger/spec/sensit/messenger/common_spec.rb": [
        1,
        null,
        1,
        1,
        1,
        null,
        1,
        1,
        1,
        1,
        1,
        null,
        null,
        1,
        1,
        1,
        1,
        null,
        null,
        1,
        1,
        1,
        1,
        null,
        null,
        1,
        1,
        1,
        1,
        null,
        null,
        null,
        null,
        1,
        1,
        1,
        1,
        1,
        1,
        4,
        4,
        null,
        null,
        null,
        null,
        null,
        null
      ],
      "/Volumes/Media/cwadding/Repositories/sensit/src/api/messenger/spec/sensit/messenger/http_spec.rb": [
        1,
        null,
        1,
        1,
        1,
        null,
        1,
        1,
        1,
        1,
        1,
        1,
        1,
        null,
        null,
        null,
        null,
        null
      ],
      "/Volumes/Media/cwadding/Repositories/sensit/src/api/messenger/spec/sensit/messenger/mqtt_spec.rb": [
        1,
        null,
        1,
        1,
        1,
        null,
        1,
        1,
        1,
        1,
        null,
        null,
        null,
        1,
        1,
        1,
        1,
        1,
        1,
        1,
        1,
        1,
        null,
        null,
        null,
        null,
        null,
        null,
        null,
        null,
        null,
        null,
        null,
        null,
        1,
        1,
        1,
        1,
        1,
        1,
        1,
        1,
        1,
        null,
        null,
        null,
        null,
        null
      ],
      "/Volumes/Media/cwadding/Repositories/sensit/src/api/messenger/spec/sensit/messenger/tcp_spec.rb": [
        1,
        null,
        1,
        1,
        1,
        null,
        1,
        null,
        null,
        null,
        null,
        null,
        null,
        null,
        null,
        null,
        null,
        null,
        null,
        null,
        null,
        null,
        null,
        null,
        null,
        null,
        null,
        null,
        null,
        null,
        null,
        null,
        null,
        null
      ],
      "/Volumes/Media/cwadding/Repositories/sensit/src/api/messenger/spec/sensit/messenger/udp_spec.rb": [
        1,
        null,
        1,
        1,
        1,
        null,
        1,
        null,
        null,
        null,
        null,
        null,
        null,
        null,
        null,
        null,
        null,
        null,
        null,
        null,
        null,
        1,
        null,
        null,
        null,
        null,
        null,
        null,
        null,
        null
      ]
    },
    "timestamp": 1440728680
  }
}
