{
  "RSpec": {
    "coverage": {
      "/Volumes/Media/cwadding/Repositories/sensit/src/api/core/lib/sensit/core/factories.rb": [
        null,
        null,
        1,
        null,
        1,
        1,
        null,
        null,
        1,
        1,
        218,
        null,
        1,
        null,
        null,
        null,
        null,
        1,
        1,
        1,
        1,
        1,
        1,
        null,
        null,
        1,
        1,
        128,
        null,
        1,
        12,
        null,
        1,
        1,
        null,
        null,
        1,
        1,
        165,
        null,
        1,
        1,
        null,
        null,
        1,
        1,
        1,
        80,
        null,
        1,
        null,
        1,
        92,
        92,
        116,
        116,
        null,
        92,
        92,
        624,
        276,
        276,
        null,
        null,
        null,
        null,
        1,
        null,
        1,
        1,
        null,
        null,
        1,
        35,
        35,
        35,
        105,
        105,
        null,
        null,
        null,
        null,
        null
      ],
      "/Volumes/Media/cwadding/Repositories/sensit/src/api/core/app/models/sensit/topic.rb": [
        1,
        1,
        1,
        null,
        1,
        1,
        1,
        1,
        null,
        1,
        null,
        1,
        null,
        null,
        null,
        1,
        77,
        77,
        77,
        77,
        null,
        77,
        77,
        0,
        0,
        0,
        null,
        null,
        null,
        null,
        1,
        138,
        138,
        162,
        162,
        null,
        null,
        null,
        138,
        138,
        null,
        0,
        null,
        null,
        138,
        138,
        null,
        null,
        null,
        null,
        null,
        null,
        null,
        null,
        null,
        null,
        null,
        null,
        null,
        null,
        null,
        null,
        null,
        null,
        null,
        null,
        null,
        null,
        null,
        null,
        null,
        null,
        null,
        null,
        null,
        null,
        null,
        null,
        null,
        null,
        null,
        null,
        null,
        null,
        null,
        null,
        null,
        null,
        null,
        null,
        null,
        null,
        null,
        null,
        null,
        null,
        1,
        null,
        null,
        null,
        8,
        16,
        null,
        null,
        null,
        null,
        null,
        1,
        null,
        null,
        1,
        353,
        null,
        1,
        353,
        null,
        null,
        null
      ],
      "/Volumes/Media/cwadding/Repositories/sensit/src/api/core/app/models/sensit/topic/field.rb": [
        1,
        1,
        1,
        1,
        1,
        null,
        null,
        null,
        null,
        null,
        null,
        null,
        null,
        null,
        null,
        null,
        null,
        null,
        null,
        null,
        1,
        null,
        null,
        null,
        1,
        1,
        1,
        1,
        null,
        null,
        null,
        null,
        1,
        83,
        null,
        null,
        null,
        3,
        null,
        2,
        null,
        49,
        null,
        8,
        8,
        6,
        null,
        2,
        null,
        null,
        41,
        null,
        null,
        null,
        null,
        28,
        28,
        27,
        27,
        25,
        25,
        4,
        4,
        4,
        null,
        null,
        24,
        24,
        11,
        null,
        null,
        null,
        13,
        12,
        12,
        1,
        null,
        null,
        null,
        11,
        null,
        11,
        10,
        1,
        null,
        null,
        null,
        10,
        null,
        null,
        null,
        null,
        null,
        null,
        1,
        880,
        null,
        1,
        null,
        168,
        null,
        1,
        null,
        686,
        null,
        1,
        null,
        23,
        null,
        null,
        null,
        1,
        9,
        null,
        null,
        1,
        1,
        null,
        null,
        1,
        2,
        2,
        null,
        null,
        null,
        null,
        1,
        171,
        1,
        118,
        1,
        1,
        38,
        1,
        1,
        1,
        1,
        null,
        8,
        null,
        null,
        null,
        1,
        null,
        1,
        null,
        39,
        7,
        7,
        null,
        null,
        null,
        null,
        1,
        36,
        36,
        4,
        null,
        null,
        null,
        null,
        null,
        null,
        null
      ],
      "/Volumes/Media/cwadding/Repositories/sensit/src/api/core/app/controllers/sensit/data_controller.rb": [
        1,
        null,
        1,
        1,
        1,
        null,
        1,
        null,
        null,
        1,
        null,
        8,
        4,
        null,
        4,
        4,
        4,
        4,
        null,
        0,
        null,
        null,
        null,
        null,
        null,
        1,
        7,
        2,
        null,
        5,
        0,
        null,
        5,
        5,
        1,
        null,
        4,
        null,
        null,
        null,
        null,
        null,
        1,
        null,
        1,
        6,
        null,
        null,
        1,
        10,
        null,
        null,
        null
      ],
      "/Volumes/Media/cwadding/Repositories/sensit/src/api/core/app/controllers/sensit/api_controller.rb": [
        1,
        1,
        null,
        null,
        null,
        null,
        null,
        null,
        null,
        1,
        242,
        242,
        null,
        null,
        null,
        1,
        14,
        14,
        null,
        null,
        null,
        null,
        null,
        null,
        null,
        1,
        17,
        null,
        null,
        1,
        2,
        null,
        null,
        1,
        96,
        null,
        null,
        1,
        40,
        null,
        null,
        1,
        40,
        null,
        null,
        1,
        101,
        null,
        null,
        1,
        251,
        251,
        null,
        0,
        null,
        null,
        null,
        null
      ],
      "/Volumes/Media/cwadding/Repositories/sensit/src/api/core/app/controllers/concerns/doorkeeper_data_authorization.rb": [
        null,
        1,
        1,
        1,
        4,
        4,
        null,
        null,
        null,
        null
      ],
      "/Volumes/Media/cwadding/Repositories/sensit/src/api/core/app/controllers/sensit/feeds_controller.rb": [
        1,
        null,
        1,
        1,
        1,
        1,
        null,
        null,
        1,
        null,
        8,
        4,
        null,
        4,
        4,
        null,
        null,
        null,
        null,
        1,
        16,
        2,
        null,
        14,
        14,
        null,
        2,
        2,
        2,
        2,
        2,
        null,
        0,
        null,
        null,
        12,
        12,
        10,
        null,
        2,
        null,
        null,
        null,
        null,
        null,
        null,
        1,
        10,
        2,
        null,
        8,
        8,
        5,
        null,
        3,
        null,
        null,
        null,
        null,
        null,
        1,
        8,
        3,
        null,
        5,
        5,
        null,
        null,
        null,
        1,
        null,
        null,
        null,
        1,
        8,
        8,
        null,
        null,
        1,
        12,
        0,
        0,
        null,
        null,
        12,
        null,
        12,
        null,
        null,
        1,
        2,
        2,
        0,
        0,
        null,
        null,
        2,
        null,
        null,
        null,
        null,
        null
      ],
      "/Volumes/Media/cwadding/Repositories/sensit/src/api/core/app/controllers/sensit/fields_controller.rb": [
        1,
        null,
        1,
        1,
        1,
        1,
        null,
        1,
        7,
        6,
        null,
        1,
        null,
        7,
        null,
        null,
        null,
        1,
        8,
        4,
        null,
        null,
        null,
        1,
        20,
        2,
        null,
        18,
        18,
        18,
        8,
        null,
        10,
        null,
        null,
        null,
        null,
        null,
        1,
        11,
        2,
        null,
        9,
        9,
        6,
        null,
        3,
        null,
        null,
        null,
        null,
        null,
        1,
        8,
        3,
        null,
        5,
        5,
        5,
        null,
        null,
        null,
        1,
        null,
        1,
        22,
        18,
        18,
        18,
        18,
        null,
        null,
        null,
        1,
        27,
        null,
        null,
        null
      ],
      "/Volumes/Media/cwadding/Repositories/sensit/src/api/core/app/controllers/sensit/topics_controller.rb": [
        1,
        null,
        1,
        1,
        1,
        1,
        null,
        1,
        9,
        9,
        null,
        null,
        null,
        1,
        9,
        5,
        null,
        null,
        null,
        1,
        17,
        1,
        null,
        16,
        null,
        null,
        4,
        16,
        null,
        16,
        12,
        null,
        4,
        null,
        null,
        null,
        null,
        null,
        1,
        16,
        null,
        null,
        1,
        1,
        1,
        14,
        null,
        14,
        11,
        null,
        3,
        null,
        null,
        null,
        null,
        1,
        10,
        7,
        7,
        null,
        null,
        1,
        null,
        1,
        30,
        null,
        null,
        1,
        30,
        30,
        30,
        30,
        30,
        null,
        null,
        1,
        33,
        3,
        30,
        null,
        5,
        3,
        null,
        27,
        null,
        null,
        null,
        null
      ],
      "/Volumes/Media/cwadding/Repositories/sensit/src/api/core/app/controllers/sensit/users_controller.rb": [
        1,
        null,
        1,
        1,
        1,
        null,
        1,
        1,
        3,
        3,
        3,
        null,
        null,
        null
      ],
      "/Volumes/Media/cwadding/Repositories/sensit/src/api/core/app/models/sensit/topic/feed.rb": [
        1,
        1,
        1,
        null,
        null,
        null,
        null,
        1,
        1,
        null,
        1,
        null,
        1,
        1,
        null,
        1,
        662,
        662,
        662,
        662,
        662,
        662,
        662,
        662,
        662,
        662,
        662,
        662,
        null,
        null,
        1,
        1,
        null,
        1,
        1,
        null,
        1,
        644,
        null,
        null,
        1,
        16,
        14,
        14,
        null,
        null,
        1,
        79,
        79,
        282,
        null,
        null,
        1,
        null,
        null,
        null,
        1,
        12,
        12,
        null,
        null,
        1,
        393,
        393,
        393,
        null,
        null,
        1,
        7,
        7,
        7,
        7,
        7,
        null,
        null,
        1,
        2,
        null,
        null,
        1,
        44,
        null,
        null,
        1,
        15,
        15,
        null,
        null,
        null,
        1,
        24,
        23,
        23,
        null,
        null,
        null,
        1,
        null,
        null,
        null,
        1,
        1755,
        null,
        null,
        1,
        2,
        1,
        null,
        null,
        1,
        1,
        1,
        null,
        null,
        null,
        null,
        null,
        null,
        null,
        null,
        null,
        null,
        null,
        1,
        7,
        7,
        null,
        null,
        1,
        417,
        417,
        null,
        null,
        1,
        null,
        1,
        215,
        215,
        215,
        215,
        215,
        215,
        215,
        215,
        null,
        null,
        1,
        525,
        null,
        null,
        1,
        430,
        null,
        null,
        1,
        403,
        null,
        null,
        1,
        7,
        null,
        null,
        1,
        1,
        null,
        null,
        1,
        7,
        7,
        7,
        null,
        null,
        null,
        1,
        403,
        403,
        138,
        162,
        162,
        162,
        162,
        null,
        138,
        138,
        null,
        403,
        403,
        403,
        403,
        403,
        null,
        403,
        null,
        null,
        null,
        1,
        662,
        647,
        15,
        6,
        null,
        9,
        null,
        null,
        null,
        1,
        779,
        865,
        779,
        null,
        null,
        null,
        null,
        null,
        null,
        null,
        null,
        null,
        null,
        null,
        null,
        null,
        null,
        null,
        null,
        null,
        null,
        null,
        null,
        null,
        null,
        null,
        null,
        null,
        null,
        null,
        null,
        null,
        null,
        null,
        null,
        null,
        null,
        null,
        null,
        null
      ],
      "/Volumes/Media/cwadding/Repositories/sensit/src/api/core/app/models/sensit/topic/feed/importer.rb": [
        1,
        1,
        1,
        null,
        null,
        null,
        null,
        1,
        1,
        null,
        1,
        1,
        1,
        1,
        null,
        1,
        16,
        16,
        16,
        null,
        null,
        1,
        5,
        3,
        8,
        null,
        2,
        1,
        null,
        1,
        null,
        null,
        null,
        1,
        0,
        null,
        null,
        1,
        5,
        4,
        3,
        10,
        null,
        1,
        1,
        0,
        null,
        null,
        1,
        null,
        null,
        1,
        null,
        null,
        null,
        1,
        1,
        1,
        1,
        1,
        1,
        null,
        null,
        1,
        4,
        null,
        1,
        12,
        3,
        3,
        3,
        null,
        null,
        4,
        null,
        null,
        1,
        7,
        2,
        1,
        1,
        1,
        null,
        1,
        1,
        null,
        1,
        1,
        null,
        null,
        1,
        null,
        null,
        null,
        1,
        2,
        null,
        null,
        1,
        2,
        6,
        null,
        null,
        null,
        null,
        null
      ]
    },
    "timestamp": 1432603612
  }
}
